Executing cub3d with map file: ./maps/bad/color_invalid_rgb.cub
Error
Error in RGB format: Invalid argument

Executing cub3d with map file: ./maps/bad/color_missing.cub
Error
Invalid texture - No path: Invalid argument

Executing cub3d with map file: ./maps/bad/color_missing_ceiling_rgb.cub
Error
Error in RGB format: Invalid argument

Executing cub3d with map file: ./maps/bad/color_missing_floor_rgb.cub
Error
RBG missing: Invalid argument

Executing cub3d with map file: ./maps/bad/color_none.cub
Error
Invalid texture - No path: Invalid argument

Executing cub3d with map file: ./maps/bad/empty.cub
Error
Empty map: Invalid argument

Executing cub3d with map file: ./maps/bad/file_letter_end.cub
Error
Space between map: Invalid argument

Executing cub3d with map file: ./maps/bad/filetype_missing
Error
map must br .cub: Invalid argument

Executing cub3d with map file: ./maps/bad/filetype_wrong.buc
Error
map must br .cub: Invalid argument

Executing cub3d with map file: ./maps/bad/forbidden.cub
Error
open: Permission denied

Executing cub3d with map file: ./maps/bad/map_first.cub
Error
Invalid texture - No path: Invalid argument

Executing cub3d with map file: ./maps/bad/map_middle.cub
Error
Invalid texture - No path: Invalid argument

Executing cub3d with map file: ./maps/bad/map_missing.cub
Error
No map: Invalid argument

Executing cub3d with map file: ./maps/bad/map_only.cub
Error
Invalid texture - No path: Invalid argument

Executing cub3d with map file: ./maps/bad/map_too_small.cub
Error
No player found: Invalid argument

Executing cub3d with map file: ./maps/bad/player_multiple.cub
Error
More than one player found: Invalid argument

Executing cub3d with map file: ./maps/bad/player_none.cub
Error
No player found: Invalid argument

Executing cub3d with map file: ./maps/bad/player_on_edge.cub
Error
Map not closed: Invalid argument

Executing cub3d with map file: ./maps/bad/textures_dir.cub
Error
Image must be .xpm: Invalid argument

Executing cub3d with map file: ./maps/bad/textures_duplicates.cub
Error
Invalid texture - Wrong identifier: Invalid argument

Executing cub3d with map file: ./maps/bad/textures_forbidden.cub
Error
Cannot load image: Invalid argument

Executing cub3d with map file: ./maps/bad/textures_invalid.cub
Error
Image must be .xpm: Invalid argument

Executing cub3d with map file: ./maps/bad/textures_missing.cub
Error
Invalid texture - No path: Invalid argument

Executing cub3d with map file: ./maps/bad/textures_none.cub
Error
Invalid texture - No path: Invalid argument

Executing cub3d with map file: ./maps/bad/textures_not_xpm.cub
Error
Image must be .xpm: Invalid argument

Executing cub3d with map file: ./maps/bad/wall_hole_east.cub
Error
Map not closed: Invalid argument

Executing cub3d with map file: ./maps/bad/wall_hole_north.cub
Error
Map not closed: Invalid argument

Executing cub3d with map file: ./maps/bad/wall_hole_south.cub
Error
Map not closed: Invalid argument

Executing cub3d with map file: ./maps/bad/wall_hole_west.cub
Error
Map not closed: Invalid argument

Executing cub3d with map file: ./maps/bad/wall_none.cub
Error
Map not closed: Invalid argument

Executing cub3d with map file: ./maps/bad/color_invalid_rgb.cub
Error
Error in RGB format: Invalid argument

Executing cub3d with map file: ./maps/bad/color_missing.cub
Error
Invalid texture - No path: Invalid argument

Executing cub3d with map file: ./maps/bad/color_missing_ceiling_rgb.cub
Error
Error in RGB format: Invalid argument

Executing cub3d with map file: ./maps/bad/color_missing_floor_rgb.cub
Error
RBG missing: Invalid argument

Executing cub3d with map file: ./maps/bad/color_none.cub
Error
Invalid texture - No path: Invalid argument

Executing cub3d with map file: ./maps/bad/empty.cub
Error
Empty map: Invalid argument

Executing cub3d with map file: ./maps/bad/file_letter_end.cub
Error
Space between map: Invalid argument

Executing cub3d with map file: ./maps/bad/filetype_missing
Error
map must br .cub: Invalid argument

Executing cub3d with map file: ./maps/bad/filetype_wrong.buc
Error
map must br .cub: Invalid argument

Executing cub3d with map file: ./maps/bad/forbidden.cub
Error
open: Permission denied

Executing cub3d with map file: ./maps/bad/map_first.cub
Error
Invalid texture - No path: Invalid argument

Executing cub3d with map file: ./maps/bad/map_middle.cub
Error
Invalid texture - No path: Invalid argument

Executing cub3d with map file: ./maps/bad/map_missing.cub
Error
No map: Invalid argument

Executing cub3d with map file: ./maps/bad/map_only.cub
Error
Invalid texture - No path: Invalid argument

Executing cub3d with map file: ./maps/bad/map_too_small.cub
Error
No player found: Invalid argument

Executing cub3d with map file: ./maps/bad/player_multiple.cub
Error
More than one player found: Invalid argument

Executing cub3d with map file: ./maps/bad/player_none.cub
Error
No player found: Invalid argument

Executing cub3d with map file: ./maps/bad/player_on_edge.cub
Error
Map not closed: Invalid argument

Executing cub3d with map file: ./maps/bad/texture_not_square.cub
Error
All textures must be squares: Invalid argument

Executing cub3d with map file: ./maps/bad/textures_dir.cub
Error
Image must be .xpm: Invalid argument

Executing cub3d with map file: ./maps/bad/textures_duplicates.cub
Error
Invalid texture - Wrong identifier: Invalid argument

Executing cub3d with map file: ./maps/bad/textures_forbidden.cub
Error
Cannot load image: Invalid argument

Executing cub3d with map file: ./maps/bad/textures_invalid.cub
Error
Image must be .xpm: Invalid argument

Executing cub3d with map file: ./maps/bad/textures_missing.cub
Error
Invalid texture - No path: Invalid argument

Executing cub3d with map file: ./maps/bad/textures_none.cub
Error
Invalid texture - No path: Invalid argument

Executing cub3d with map file: ./maps/bad/textures_not_xpm.cub
Error
Image must be .xpm: Invalid argument

Executing cub3d with map file: ./maps/bad/wall_hole_east.cub
Error
Map not closed: Invalid argument

Executing cub3d with map file: ./maps/bad/wall_hole_north.cub
Error
Map not closed: Invalid argument

Executing cub3d with map file: ./maps/bad/wall_hole_south.cub
Error
Map not closed: Invalid argument

Executing cub3d with map file: ./maps/bad/wall_hole_west.cub
Error
Map not closed: Invalid argument

Executing cub3d with map file: ./maps/bad/wall_none.cub
Error
Map not closed: Invalid argument

Executing cub3d with map file: ./maps/bad/xpm_is_jpg.cub
Error
Cannot load image: Invalid argument

