Executing cub3d with map file: ./maps/good/cheese_maze.cub

Executing cub3d with map file: ./maps/good/creepy.cub

Executing cub3d with map file: ./maps/good/dungeon.cub

Executing cub3d with map file: ./maps/good/library.cub

Executing cub3d with map file: ./maps/good/matrix.cub

Executing cub3d with map file: ./maps/good/sad_face.cub

Executing cub3d with map file: ./maps/good/square_map.cub

Executing cub3d with map file: ./maps/good/subject_map.cub

Executing cub3d with map file: ./maps/good/test_map.cub

Executing cub3d with map file: ./maps/good/test_map_hole.cub

Executing cub3d with map file: ./maps/good/test_pos_bottom.cub

Executing cub3d with map file: ./maps/good/test_pos_left.cub

Executing cub3d with map file: ./maps/good/test_pos_right.cub

Executing cub3d with map file: ./maps/good/test_pos_top.cub

Executing cub3d with map file: ./maps/good/test_textures.cub

Executing cub3d with map file: ./maps/good/test_whitespace.cub

Executing cub3d with map file: ./maps/good/works.cub

Executing cub3d with map file: ./maps/good/cheese_maze.cub

Executing cub3d with map file: ./maps/good/creepy.cub

Executing cub3d with map file: ./maps/good/dungeon.cub

Executing cub3d with map file: ./maps/good/library.cub

Executing cub3d with map file: ./maps/good/matrix.cub

Executing cub3d with map file: ./maps/good/sad_face.cub

Executing cub3d with map file: ./maps/good/square_map.cub

Executing cub3d with map file: ./maps/good/subject_map.cub

Executing cub3d with map file: ./maps/good/test_map.cub

Executing cub3d with map file: ./maps/good/test_map_hole.cub

Executing cub3d with map file: ./maps/good/test_pos_bottom.cub

Executing cub3d with map file: ./maps/good/test_pos_left.cub

Executing cub3d with map file: ./maps/good/test_pos_right.cub

Executing cub3d with map file: ./maps/good/test_pos_top.cub

Executing cub3d with map file: ./maps/good/test_textures.cub

Executing cub3d with map file: ./maps/good/test_whitespace.cub

Executing cub3d with map file: ./maps/good/works.cub

